<?xml version="1.0" encoding="UTF-8" ?>
<testsuite failures="0" time="0.023" errors="0" skipped="0" tests="4" name="com.jerry.taskengine.utils.ClassUtilTest">
  <properties>
    <property name="java.runtime.name" value="Java(TM) SE Runtime Environment"/>
    <property name="sun.boot.library.path" value="D:\IT Soft\Java\jdk1.6.0_45\jre\bin"/>
    <property name="java.vm.version" value="20.45-b01"/>
    <property name="java.vm.vendor" value="Sun Microsystems Inc."/>
    <property name="java.vendor.url" value="http://java.sun.com/"/>
    <property name="path.separator" value=";"/>
    <property name="guice.disable.misplaced.annotation.check" value="true"/>
    <property name="java.vm.name" value="Java HotSpot(TM) 64-Bit Server VM"/>
    <property name="file.encoding.pkg" value="sun.io"/>
    <property name="user.country" value="CN"/>
    <property name="sun.java.launcher" value="SUN_STANDARD"/>
    <property name="sun.os.patch.level" value="Service Pack 1"/>
    <property name="java.vm.specification.name" value="Java Virtual Machine Specification"/>
    <property name="user.dir" value="D:\My Workspace\JerryTaskEngine"/>
    <property name="java.runtime.version" value="1.6.0_45-b06"/>
    <property name="java.awt.graphicsenv" value="sun.awt.Win32GraphicsEnvironment"/>
    <property name="java.endorsed.dirs" value="D:\IT Soft\Java\jdk1.6.0_45\jre\lib\endorsed"/>
    <property name="os.arch" value="amd64"/>
    <property name="java.io.tmpdir" value="C:\Users\lenovo\AppData\Local\Temp\"/>
    <property name="line.separator" value="
"/>
    <property name="java.vm.specification.vendor" value="Sun Microsystems Inc."/>
    <property name="user.variant" value=""/>
    <property name="os.name" value="Windows 7"/>
    <property name="classworlds.conf" value="D:\My Workspace\.metadata\.plugins\org.eclipse.m2e.launching\launches\m2conf7141781920209879989.tmp"/>
    <property name="sun.jnu.encoding" value="GBK"/>
    <property name="java.library.path" value="D:\IT Soft\Java\jdk1.6.0_45\bin;C:\Windows\Sun\Java\bin;C:\Windows\system32;C:\Windows;D:\IT Soft\Java\jdk1.6.0_45\jre\bin;D:/IT Soft/Java/jdk1.7.0_79/bin/../jre/bin/server;D:/IT Soft/Java/jdk1.7.0_79/bin/../jre/bin;D:/IT Soft/Java/jdk1.7.0_79/bin/../jre/lib/amd64;D:\IT Soft\Java\jdk1.7.0_79\bin;D:\IT Soft\Java\jdk1.7.0_79\jre\bin;C:\Program Files (x86)\Common Files\NetSarang;C:\Program Files (x86)\Intel\iCLS Client\;C:\Program Files\Intel\iCLS Client\;C:\Windows\system32;C:\Windows;C:\Windows\System32\Wbem;C:\Windows\System32\WindowsPowerShell\v1.0\;C:\Program Files\Intel\Intel(R) Management Engine Components\DAL;C:\Program Files\Intel\Intel(R) Management Engine Components\IPT;C:\Program Files (x86)\Intel\Intel(R) Management Engine Components\DAL;C:\Program Files (x86)\Intel\Intel(R) Management Engine Components\IPT;C:\Program Files\Lenovo\Fingerprint Manager Pro\;D:\IT Soft\TortoiseSVN\bin;D:\IT Soft\TortoiseGit\bin;D:\IT Soft\apache-maven-3.2.3\bin;D:\IT Soft\redis-2.8.17;D:\IT Soft\nodejs\;D:\IT Soft\Kerberos\bin;D:\IT Soft\SSH Secure Shell;D:\IT Soft\OpenVPN\bin;C:\Users\lenovo\AppData\Roaming\npm;D:\IT Soft\eclipse;;."/>
    <property name="java.specification.name" value="Java Platform API Specification"/>
    <property name="java.class.version" value="50.0"/>
    <property name="sun.management.compiler" value="HotSpot 64-Bit Tiered Compilers"/>
    <property name="os.version" value="6.1"/>
    <property name="user.home" value="C:\Users\lenovo"/>
    <property name="user.timezone" value="Asia/Shanghai"/>
    <property name="java.awt.printerjob" value="sun.awt.windows.WPrinterJob"/>
    <property name="file.encoding" value="UTF-8"/>
    <property name="java.specification.version" value="1.6"/>
    <property name="user.name" value="jerry"/>
    <property name="java.class.path" value="D:\IT Soft\apache-maven-3.2.3\boot\plexus-classworlds-2.5.1.jar"/>
    <property name="java.vm.specification.version" value="1.0"/>
    <property name="sun.arch.data.model" value="64"/>
    <property name="java.home" value="D:\IT Soft\Java\jdk1.6.0_45\jre"/>
    <property name="sun.java.command" value="org.codehaus.classworlds.Launcher -B -s D:\IT Soft\apache-maven-3.2.3\conf\settings.xml install"/>
    <property name="java.specification.vendor" value="Sun Microsystems Inc."/>
    <property name="user.language" value="zh"/>
    <property name="awt.toolkit" value="sun.awt.windows.WToolkit"/>
    <property name="java.vm.info" value="mixed mode"/>
    <property name="java.version" value="1.6.0_45"/>
    <property name="java.ext.dirs" value="D:\IT Soft\Java\jdk1.6.0_45\jre\lib\ext;C:\Windows\Sun\Java\lib\ext"/>
    <property name="sun.boot.class.path" value="D:\IT Soft\Java\jdk1.6.0_45\jre\lib\resources.jar;D:\IT Soft\Java\jdk1.6.0_45\jre\lib\rt.jar;D:\IT Soft\Java\jdk1.6.0_45\jre\lib\sunrsasign.jar;D:\IT Soft\Java\jdk1.6.0_45\jre\lib\jsse.jar;D:\IT Soft\Java\jdk1.6.0_45\jre\lib\jce.jar;D:\IT Soft\Java\jdk1.6.0_45\jre\lib\charsets.jar;D:\IT Soft\Java\jdk1.6.0_45\jre\lib\modules\jdk.boot.jar;D:\IT Soft\Java\jdk1.6.0_45\jre\classes"/>
    <property name="java.vendor" value="Sun Microsystems Inc."/>
    <property name="maven.home" value="D:\IT Soft\apache-maven-3.2.3"/>
    <property name="file.separator" value="\"/>
    <property name="java.vendor.url.bug" value="http://java.sun.com/cgi-bin/bugreport.cgi"/>
    <property name="maven.bootclasspath" value="D:\IT Soft\apache-maven-3.2.3\boot\plexus-classworlds-2.5.1.jar"/>
    <property name="sun.cpu.endian" value="little"/>
    <property name="sun.io.unicode.encoding" value="UnicodeLittle"/>
    <property name="sun.desktop" value="windows"/>
    <property name="sun.cpu.isalist" value="amd64"/>
  </properties>
  <testcase time="0.016" classname="com.jerry.taskengine.utils.ClassUtilTest" name="scanPackageFileTest"/>
  <testcase time="0.001" classname="com.jerry.taskengine.utils.ClassUtilTest" name="getShortNameAsPropertyTest"/>
  <testcase time="0" classname="com.jerry.taskengine.utils.ClassUtilTest" name="getAllInterfacesForClassTest"/>
  <testcase time="0.006" classname="com.jerry.taskengine.utils.ClassUtilTest" name="getClassFromJarTest"/>
</testsuite>